<?xml version="1.0" encoding="UTF-8"?>
<!-- Generated by org.testng.reporters.JUnitReportReporter -->
<testsuite hostname="DESKTOP-B4F78L0" name="com.hrishi.bb.test.AuthenticationPageTest" tests="1" failures="0" timestamp="26 Jun 2020 11:10:03 GMT" time="43.522" errors="0">
  <testcase name="TC_auth_01" time="43.522" classname="com.hrishi.bb.test.AuthenticationPageTest"/>
</testsuite> <!-- com.hrishi.bb.test.AuthenticationPageTest -->
