<?xml version="1.0" encoding="UTF-8"?>
<!-- Generated by org.testng.reporters.JUnitReportReporter -->
<testsuite hostname="DESKTOP-B4F78L0" name="com.hrishi.bb.test.CreateAccountPageTest" tests="1" failures="0" timestamp="26 Jun 2020 11:26:50 GMT" time="27.593" errors="0">
  <testcase name="TC_create_acct_01" time="27.593" classname="com.hrishi.bb.test.CreateAccountPageTest"/>
</testsuite> <!-- com.hrishi.bb.test.CreateAccountPageTest -->
