<?xml version="1.0" encoding="UTF-8"?>
<!-- Generated by org.testng.reporters.JUnitReportReporter -->
<testsuite hostname="DESKTOP-B4F78L0" name="com.hrishi.bb.test.HomePage_BeforeLoginTest" tests="2" failures="0" timestamp="30 Jun 2020 05:44:31 GMT" time="31.386" errors="0">
  <testcase name="TC_home_02" time="19.025" classname="com.hrishi.bb.test.HomePage_BeforeLoginTest"/>
  <testcase name="TC_home_01" time="12.361" classname="com.hrishi.bb.test.HomePage_BeforeLoginTest"/>
</testsuite> <!-- com.hrishi.bb.test.HomePage_BeforeLoginTest -->
